TN:
SF:src/modules/appointments/services/CreateAppointmentService.ts
FN:82,__decorate
FN:82,__metadata
FN:82,__param
FN:82,__awaiter
FN:82,adopt
FN:82,fulfilled
FN:82,rejected
FN:82,step
FN:82,__generator
FN:82,sent
FN:82,Symbol.function.g.(anonymous function)
FN:82,verb
FN:82,step
FN:82,__importDefault
FN:19,CreateAppointmentService
FN:31,CreateAppointmentService.execute
FNF:16
FNH:14
FNDA:1,__decorate
FNDA:1,__metadata
FNDA:3,__param
FNDA:8,__awaiter
FNDA:8,adopt
FNDA:8,fulfilled
FNDA:0,rejected
FNDA:10,step
FNDA:8,__generator
FNDA:8,sent
FNDA:0,Symbol.function.g.(anonymous function)
FNDA:24,verb
FNDA:16,step
FNDA:1,__importDefault
FNDA:6,CreateAppointmentService
FNDA:8,CreateAppointmentService.execute
DA:1,1
DA:2,1
DA:3,1
DA:4,1
DA:5,1
DA:6,1
DA:7,1
DA:8,1
DA:9,1
DA:10,1
DA:11,1
DA:12,1
DA:13,1
DA:14,1
DA:15,1
DA:16,1
DA:17,1
DA:18,1
DA:19,1
DA:20,6
DA:21,6
DA:22,6
DA:23,6
DA:24,6
DA:25,6
DA:26,6
DA:27,6
DA:28,6
DA:29,6
DA:30,1
DA:31,1
DA:32,8
DA:33,8
DA:34,8
DA:35,3
DA:36,3
DA:37,5
DA:38,8
DA:39,2
DA:40,2
DA:41,3
DA:42,8
DA:43,1
DA:44,1
DA:45,1
DA:46,1
DA:47,2
DA:48,2
DA:49,2
DA:50,2
DA:51,2
DA:52,8
DA:53,8
DA:54,0
DA:55,0
DA:56,8
DA:57,8
DA:58,8
DA:59,8
DA:60,8
DA:61,8
DA:62,8
DA:63,8
DA:64,8
DA:65,8
DA:66,8
DA:67,8
DA:68,8
DA:69,8
DA:70,8
DA:71,8
DA:72,8
DA:73,8
DA:74,8
DA:75,8
DA:76,8
DA:77,8
DA:78,8
DA:79,8
DA:80,1
DA:81,1
DA:82,1
LF:82
LH:80
BRDA:82,0,0,1
BRDA:82,1,0,1
BRDA:82,2,0,0
BRDA:82,3,0,0
BRDA:82,4,0,0
BRDA:82,5,0,0
BRDA:82,6,0,1
BRDA:82,7,0,3
BRDA:82,8,0,3
BRDA:82,9,0,8
BRDA:82,10,0,8
BRDA:82,11,0,0
BRDA:82,12,0,8
BRDA:82,13,0,8
BRDA:82,14,0,0
BRDA:82,15,0,10
BRDA:82,16,0,2
BRDA:82,17,0,8
BRDA:82,18,0,8
BRDA:82,19,0,8
BRDA:82,20,0,0
BRDA:82,21,0,24
BRDA:82,22,0,16
BRDA:82,23,0,16
BRDA:82,24,0,0
BRDA:82,25,0,32
BRDA:82,26,0,0
BRDA:82,27,0,0
BRDA:82,28,0,0
BRDA:82,29,0,0
BRDA:82,30,0,16
BRDA:82,31,0,16
BRDA:82,32,0,0
BRDA:82,33,0,8
BRDA:82,34,0,0
BRDA:82,35,0,8
BRDA:82,36,0,0
BRDA:82,37,0,2
BRDA:82,38,0,0
BRDA:82,39,0,0
BRDA:82,40,0,0
BRDA:82,41,0,0
BRDA:82,42,0,0
BRDA:82,43,0,16
BRDA:82,44,0,10
BRDA:82,45,0,6
BRDA:82,46,0,16
BRDA:82,47,0,8
BRDA:82,48,0,6
BRDA:82,49,0,2
BRDA:82,50,0,0
BRDA:82,51,0,1
BRDA:82,52,0,0
BRDA:18,53,0,1
BRDA:19,54,0,6
BRDA:31,55,0,8
BRDA:82,56,0,8
BRDA:82,57,0,16
BRDA:82,58,0,8
BRDA:34,59,0,3
BRDA:36,60,0,5
BRDA:38,61,0,2
BRDA:40,62,0,3
BRDA:42,63,0,2
BRDA:42,64,0,1
BRDA:46,65,0,2
BRDA:82,66,0,0
BRDA:82,67,0,2
BRDA:53,68,0,0
BRDA:82,69,0,0
BRDA:82,70,0,2
BRDA:82,71,0,0
BRDA:82,72,0,2
BRDA:82,73,0,0
BRDA:82,74,0,2
BRDA:82,75,0,0
BRF:76
BRH:48
end_of_record
TN:
SF:src/modules/appointments/services/ListProviderAppointmentsService.ts
FN:47,__decorate
FN:47,__metadata
FN:47,__param
FN:47,__awaiter
FN:47,adopt
FN:47,fulfilled
FN:47,rejected
FN:47,step
FN:47,__generator
FN:47,sent
FN:47,Symbol.function.g.(anonymous function)
FN:47,verb
FN:47,step
FN:17,ListProviderAppointmentsService
FN:25,ListProviderAppointmentsService.execute
FNF:15
FNH:9
FNDA:1,__decorate
FNDA:1,__metadata
FNDA:2,__param
FNDA:1,__awaiter
FNDA:0,adopt
FNDA:0,fulfilled
FNDA:0,rejected
FNDA:0,step
FNDA:1,__generator
FNDA:0,sent
FNDA:0,Symbol.function.g.(anonymous function)
FNDA:3,verb
FNDA:1,step
FNDA:1,ListProviderAppointmentsService
FNDA:1,ListProviderAppointmentsService.execute
DA:1,1
DA:2,1
DA:3,1
DA:4,1
DA:5,1
DA:6,1
DA:7,1
DA:8,1
DA:9,1
DA:10,1
DA:11,1
DA:12,1
DA:13,1
DA:14,1
DA:15,1
DA:16,1
DA:17,1
DA:18,1
DA:19,1
DA:20,1
DA:21,1
DA:22,1
DA:23,1
DA:24,1
DA:25,1
DA:26,1
DA:27,1
DA:28,1
DA:29,1
DA:30,1
DA:31,1
DA:32,1
DA:33,1
DA:34,1
DA:35,1
DA:36,1
DA:37,1
DA:38,1
DA:39,1
DA:40,1
DA:41,1
DA:42,1
DA:43,1
DA:44,1
DA:45,1
DA:46,1
DA:47,1
LF:47
LH:47
BRDA:47,0,0,1
BRDA:47,1,0,1
BRDA:47,2,0,0
BRDA:47,3,0,0
BRDA:47,4,0,0
BRDA:47,5,0,0
BRDA:47,6,0,1
BRDA:47,7,0,2
BRDA:47,8,0,2
BRDA:47,9,0,1
BRDA:47,10,0,1
BRDA:47,11,0,1
BRDA:47,12,0,3
BRDA:47,13,0,1
BRDA:47,14,0,1
BRDA:47,15,0,0
BRDA:47,16,0,2
BRDA:47,17,0,0
BRDA:47,18,0,0
BRDA:47,19,0,0
BRDA:47,20,0,0
BRDA:47,21,0,1
BRDA:47,22,0,1
BRDA:47,23,0,0
BRDA:47,24,0,1
BRDA:47,25,0,0
BRDA:47,26,0,0
BRDA:47,27,0,0
BRDA:47,28,0,0
BRDA:47,29,0,0
BRDA:47,30,0,0
BRDA:47,31,0,0
BRDA:47,32,0,1
BRDA:47,33,0,0
BRDA:47,34,0,1
BRDA:47,35,0,0
BRDA:47,36,0,0
BRDA:16,37,0,1
BRDA:17,38,0,1
BRDA:25,39,0,1
BRDA:47,40,0,1
BRDA:47,41,0,1
BRDA:47,42,0,0
BRDA:47,43,0,0
BRF:44
BRH:22
end_of_record
TN:
SF:src/modules/appointments/services/ListProviderDayAvailabilityService.ts
FN:56,__decorate
FN:56,__metadata
FN:56,__param
FN:56,__awaiter
FN:56,adopt
FN:56,fulfilled
FN:56,rejected
FN:56,step
FN:56,__generator
FN:56,sent
FN:56,Symbol.function.g.(anonymous function)
FN:56,verb
FN:56,step
FN:20,LIstProviderDayAvailabilityService
FN:25,LIstProviderDayAvailabilityService.execute
FNF:15
FNH:13
FNDA:1,__decorate
FNDA:1,__metadata
FNDA:1,__param
FNDA:1,__awaiter
FNDA:1,adopt
FNDA:1,fulfilled
FNDA:0,rejected
FNDA:2,step
FNDA:1,__generator
FNDA:1,sent
FNDA:0,Symbol.function.g.(anonymous function)
FNDA:3,verb
FNDA:2,step
FNDA:1,LIstProviderDayAvailabilityService
FNDA:1,LIstProviderDayAvailabilityService.execute
DA:1,1
DA:2,1
DA:3,1
DA:4,1
DA:5,1
DA:6,1
DA:7,1
DA:8,1
DA:9,1
DA:10,1
DA:11,1
DA:12,1
DA:13,1
DA:14,1
DA:15,1
DA:16,1
DA:17,1
DA:18,1
DA:19,1
DA:20,1
DA:21,1
DA:22,1
DA:23,1
DA:24,1
DA:25,1
DA:26,1
DA:27,1
DA:28,1
DA:29,1
DA:30,1
DA:31,1
DA:32,1
DA:33,1
DA:34,1
DA:35,1
DA:36,1
DA:37,1
DA:38,1
DA:39,1
DA:40,10
DA:41,10
DA:42,10
DA:43,10
DA:44,10
DA:45,10
DA:46,10
DA:47,10
DA:48,10
DA:49,10
DA:50,1
DA:51,1
DA:52,1
DA:53,1
DA:54,1
DA:55,1
DA:56,1
LF:56
LH:56
BRDA:56,0,0,1
BRDA:56,1,0,1
BRDA:56,2,0,0
BRDA:56,3,0,0
BRDA:56,4,0,0
BRDA:56,5,0,0
BRDA:56,6,0,1
BRDA:56,7,0,1
BRDA:56,8,0,1
BRDA:56,9,0,1
BRDA:56,10,0,1
BRDA:56,11,0,0
BRDA:56,12,0,1
BRDA:56,13,0,1
BRDA:56,14,0,0
BRDA:56,15,0,2
BRDA:56,16,0,1
BRDA:56,17,0,1
BRDA:56,18,0,1
BRDA:56,19,0,1
BRDA:56,20,0,0
BRDA:56,21,0,3
BRDA:56,22,0,2
BRDA:56,23,0,2
BRDA:56,24,0,0
BRDA:56,25,0,4
BRDA:56,26,0,0
BRDA:56,27,0,0
BRDA:56,28,0,0
BRDA:56,29,0,0
BRDA:56,30,0,2
BRDA:56,31,0,2
BRDA:56,32,0,0
BRDA:56,33,0,1
BRDA:56,34,0,0
BRDA:56,35,0,1
BRDA:56,36,0,0
BRDA:56,37,0,0
BRDA:56,38,0,0
BRDA:56,39,0,0
BRDA:56,40,0,0
BRDA:56,41,0,0
BRDA:56,42,0,2
BRDA:56,43,0,0
BRDA:56,44,0,2
BRDA:56,45,0,1
BRDA:56,46,0,0
BRDA:56,47,0,1
BRDA:56,48,0,0
BRDA:19,49,0,1
BRDA:20,50,0,1
BRDA:25,51,0,1
BRDA:56,52,0,1
BRDA:56,53,0,2
BRDA:26,54,0,1
BRDA:56,55,0,0
BRDA:56,56,0,1
BRDA:56,57,0,0
BRDA:35,58,0,10
BRDA:39,59,0,10
BRDA:48,60,0,8
BRDA:40,61,0,19
BRF:62
BRH:37
end_of_record
TN:
SF:src/modules/appointments/services/ListProviderMonthAvailiabilityService.ts
FN:1,(empty-report)
FNF:1
FNH:0
FNDA:0,(empty-report)
DA:1,0
DA:2,0
DA:3,0
DA:4,0
DA:5,0
DA:6,0
DA:7,0
DA:8,0
DA:9,0
DA:10,0
DA:11,0
DA:12,0
DA:13,0
DA:14,0
DA:15,0
DA:16,0
DA:17,0
DA:18,0
DA:19,0
DA:20,0
DA:21,0
DA:22,0
DA:23,0
DA:24,0
DA:25,0
DA:26,0
DA:27,0
DA:28,0
DA:29,0
DA:30,0
DA:31,0
DA:32,0
DA:33,0
DA:34,0
DA:35,0
DA:36,0
DA:37,0
DA:38,0
DA:39,0
DA:40,0
DA:41,0
DA:42,0
DA:43,0
DA:44,0
DA:45,0
DA:46,0
DA:47,0
DA:48,0
DA:49,0
DA:50,0
DA:51,0
DA:52,0
DA:53,0
LF:53
LH:0
BRDA:1,0,0,0
BRF:1
BRH:0
end_of_record
TN:
SF:src/modules/appointments/services/ListProviderService.ts
FN:39,__decorate
FN:39,__metadata
FN:39,__param
FN:39,__awaiter
FN:39,adopt
FN:39,fulfilled
FN:39,rejected
FN:39,step
FN:39,__generator
FN:39,sent
FN:39,Symbol.function.g.(anonymous function)
FN:39,verb
FN:39,step
FN:14,ListProvidersService
FN:22,ListProvidersService.execute
FNF:15
FNH:13
FNDA:1,__decorate
FNDA:1,__metadata
FNDA:2,__param
FNDA:1,__awaiter
FNDA:3,adopt
FNDA:3,fulfilled
FNDA:0,rejected
FNDA:4,step
FNDA:1,__generator
FNDA:3,sent
FNDA:0,Symbol.function.g.(anonymous function)
FNDA:3,verb
FNDA:4,step
FNDA:1,ListProvidersService
FNDA:1,ListProvidersService.execute
DA:1,1
DA:2,1
DA:3,1
DA:4,1
DA:5,1
DA:6,1
DA:7,1
DA:8,1
DA:9,1
DA:10,1
DA:11,1
DA:12,1
DA:13,1
DA:14,1
DA:15,1
DA:16,1
DA:17,1
DA:18,1
DA:19,1
DA:20,1
DA:21,1
DA:22,1
DA:23,1
DA:24,1
DA:25,1
DA:26,1
DA:27,1
DA:28,1
DA:29,1
DA:30,1
DA:31,1
DA:32,1
DA:33,1
DA:34,1
DA:35,1
DA:36,1
DA:37,1
DA:38,1
DA:39,1
LF:39
LH:39
BRDA:39,0,0,1
BRDA:39,1,0,1
BRDA:39,2,0,0
BRDA:39,3,0,0
BRDA:39,4,0,0
BRDA:39,5,0,0
BRDA:39,6,0,1
BRDA:39,7,0,2
BRDA:39,8,0,2
BRDA:39,9,0,1
BRDA:39,10,0,3
BRDA:39,11,0,0
BRDA:39,12,0,1
BRDA:39,13,0,3
BRDA:39,14,0,0
BRDA:39,15,0,4
BRDA:39,16,0,1
BRDA:39,17,0,3
BRDA:39,18,0,1
BRDA:39,19,0,3
BRDA:39,20,0,0
BRDA:39,21,0,3
BRDA:39,22,0,4
BRDA:39,23,0,4
BRDA:39,24,0,0
BRDA:39,25,0,8
BRDA:39,26,0,0
BRDA:39,27,0,0
BRDA:39,28,0,0
BRDA:39,29,0,0
BRDA:39,30,0,4
BRDA:39,31,0,4
BRDA:39,32,0,0
BRDA:39,33,0,3
BRDA:39,34,0,0
BRDA:39,35,0,1
BRDA:39,36,0,0
BRDA:39,37,0,0
BRDA:39,38,0,0
BRDA:39,39,0,0
BRDA:39,40,0,0
BRDA:39,41,0,0
BRDA:39,42,0,4
BRDA:39,43,0,0
BRDA:39,44,0,4
BRDA:39,45,0,1
BRDA:39,46,0,0
BRDA:39,47,0,1
BRDA:39,48,0,0
BRDA:13,49,0,1
BRDA:14,50,0,1
BRDA:22,51,0,1
BRDA:39,52,0,1
BRDA:39,53,0,4
BRDA:23,54,0,1
BRDA:39,55,0,0
BRDA:39,56,0,1
BRDA:25,57,0,0
BRDA:39,58,0,0
BRDA:39,59,0,1
BRDA:39,60,0,0
BRDA:39,61,0,1
BRDA:34,62,0,1
BRDA:39,63,0,0
BRF:64
BRH:36
end_of_record
TN:
SF:src/modules/users/infra/services/AuthenticateUserService.ts
FN:1,(empty-report)
FNF:1
FNH:0
FNDA:0,(empty-report)
DA:1,0
DA:2,0
DA:3,0
DA:4,0
DA:5,0
DA:6,0
DA:7,0
DA:8,0
DA:9,0
DA:10,0
DA:11,0
DA:12,0
DA:13,0
DA:14,0
DA:15,0
DA:16,0
DA:17,0
DA:18,0
DA:19,0
DA:20,0
DA:21,0
DA:22,0
DA:23,0
DA:24,0
DA:25,0
DA:26,0
DA:27,0
DA:28,0
DA:29,0
DA:30,0
DA:31,0
DA:32,0
DA:33,0
DA:34,0
DA:35,0
DA:36,0
DA:37,0
DA:38,0
DA:39,0
DA:40,0
DA:41,0
DA:42,0
DA:43,0
DA:44,0
DA:45,0
DA:46,0
DA:47,0
DA:48,0
DA:49,0
DA:50,0
DA:51,0
DA:52,0
DA:53,0
DA:54,0
DA:55,0
LF:55
LH:0
BRDA:1,0,0,0
BRF:1
BRH:0
end_of_record
TN:
SF:src/modules/users/infra/services/CreateUserService.ts
FN:1,(empty-report)
FNF:1
FNH:0
FNDA:0,(empty-report)
DA:1,0
DA:2,0
DA:3,0
DA:4,0
DA:5,0
DA:6,0
DA:7,0
DA:8,0
DA:9,0
DA:10,0
DA:11,0
DA:12,0
DA:13,0
DA:14,0
DA:15,0
DA:16,0
DA:17,0
DA:18,0
DA:19,0
DA:20,0
DA:21,0
DA:22,0
DA:23,0
DA:24,0
DA:25,0
DA:26,0
DA:27,0
DA:28,0
DA:29,0
DA:30,0
DA:31,0
DA:32,0
DA:33,0
DA:34,0
DA:35,0
DA:36,0
DA:37,0
DA:38,0
DA:39,0
DA:40,0
DA:41,0
DA:42,0
DA:43,0
LF:43
LH:0
BRDA:1,0,0,0
BRF:1
BRH:0
end_of_record
TN:
SF:src/modules/users/infra/services/UpdateUserAvatarService.ts
FN:1,(empty-report)
FNF:1
FNH:0
FNDA:0,(empty-report)
DA:1,0
DA:2,0
DA:3,0
DA:4,0
DA:5,0
DA:6,0
DA:7,0
DA:8,0
DA:9,0
DA:10,0
DA:11,0
DA:12,0
DA:13,0
DA:14,0
DA:15,0
DA:16,0
DA:17,0
DA:18,0
DA:19,0
DA:20,0
DA:21,0
DA:22,0
DA:23,0
DA:24,0
DA:25,0
DA:26,0
DA:27,0
DA:28,0
DA:29,0
DA:30,0
DA:31,0
DA:32,0
DA:33,0
DA:34,0
DA:35,0
DA:36,0
DA:37,0
DA:38,0
DA:39,0
DA:40,0
DA:41,0
DA:42,0
DA:43,0
DA:44,0
DA:45,0
DA:46,0
DA:47,0
DA:48,0
DA:49,0
DA:50,0
DA:51,0
DA:52,0
LF:52
LH:0
BRDA:1,0,0,0
BRF:1
BRH:0
end_of_record
TN:
SF:src/modules/users/services/AuthenticateUserService.ts
FN:65,__decorate
FN:65,__metadata
FN:65,__param
FN:65,__awaiter
FN:65,adopt
FN:65,fulfilled
FN:65,rejected
FN:65,step
FN:65,__generator
FN:65,sent
FN:65,Symbol.function.g.(anonymous function)
FN:65,verb
FN:65,step
FN:65,__importDefault
FN:22,AuthenticateUserService
FN:31,AuthenticateUserService.execute
FNF:16
FNH:14
FNDA:1,__decorate
FNDA:1,__metadata
FNDA:2,__param
FNDA:3,__awaiter
FNDA:5,adopt
FNDA:5,fulfilled
FNDA:0,rejected
FNDA:6,step
FNDA:3,__generator
FNDA:5,sent
FNDA:0,Symbol.function.g.(anonymous function)
FNDA:9,verb
FNDA:8,step
FNDA:2,__importDefault
FNDA:4,AuthenticateUserService
FNDA:3,AuthenticateUserService.execute
DA:1,1
DA:2,1
DA:3,1
DA:4,1
DA:5,1
DA:6,1
DA:7,1
DA:8,1
DA:9,1
DA:10,1
DA:11,1
DA:12,1
DA:13,1
DA:14,1
DA:15,1
DA:16,1
DA:17,1
DA:18,1
DA:19,1
DA:20,1
DA:21,1
DA:22,1
DA:23,4
DA:24,4
DA:25,4
DA:26,4
DA:27,4
DA:28,4
DA:29,4
DA:30,1
DA:31,1
DA:32,3
DA:33,3
DA:34,3
DA:35,3
DA:36,3
DA:37,1
DA:38,1
DA:39,2
DA:40,2
DA:41,2
DA:42,2
DA:43,3
DA:44,3
DA:45,1
DA:46,1
DA:47,1
DA:48,1
DA:49,1
DA:50,1
DA:51,1
DA:52,1
DA:53,1
DA:54,1
DA:55,1
DA:56,1
DA:57,1
DA:58,1
DA:59,1
DA:60,1
DA:61,1
DA:62,3
DA:63,1
DA:64,1
DA:65,1
LF:65
LH:65
BRDA:65,0,0,1
BRDA:65,1,0,1
BRDA:65,2,0,0
BRDA:65,3,0,0
BRDA:65,4,0,0
BRDA:65,5,0,0
BRDA:65,6,0,1
BRDA:65,7,0,2
BRDA:65,8,0,2
BRDA:65,9,0,3
BRDA:65,10,0,5
BRDA:65,11,0,0
BRDA:65,12,0,3
BRDA:65,13,0,5
BRDA:65,14,0,3
BRDA:65,15,0,2
BRDA:65,16,0,6
BRDA:65,17,0,1
BRDA:65,18,0,5
BRDA:65,19,0,3
BRDA:65,20,0,5
BRDA:65,21,0,0
BRDA:65,22,0,9
BRDA:65,23,0,8
BRDA:65,24,0,8
BRDA:65,25,0,0
BRDA:65,26,0,16
BRDA:65,27,0,0
BRDA:65,28,0,0
BRDA:65,29,0,0
BRDA:65,30,0,0
BRDA:65,31,0,8
BRDA:65,32,0,8
BRDA:65,33,0,0
BRDA:65,34,0,5
BRDA:65,35,0,0
BRDA:65,36,0,3
BRDA:65,37,0,0
BRDA:65,38,0,1
BRDA:65,39,0,0
BRDA:65,40,0,0
BRDA:65,41,0,0
BRDA:65,42,0,0
BRDA:65,43,0,0
BRDA:65,44,0,8
BRDA:65,45,0,6
BRDA:65,46,0,2
BRDA:65,47,0,8
BRDA:65,48,0,3
BRDA:65,49,0,2
BRDA:65,50,0,1
BRDA:65,51,0,0
BRDA:65,52,0,2
BRDA:65,53,0,0
BRDA:21,54,0,1
BRDA:22,55,0,4
BRDA:31,56,0,3
BRDA:65,57,0,3
BRDA:65,58,0,8
BRDA:34,59,0,3
BRDA:65,60,0,0
BRDA:65,61,0,3
BRDA:36,62,0,1
BRDA:38,63,0,2
BRDA:65,64,0,0
BRDA:65,65,0,2
BRDA:44,66,0,1
BRDA:65,67,0,0
BRF:68
BRH:44
end_of_record
TN:
SF:src/modules/users/services/CreateUserService.ts
FN:49,__decorate
FN:49,__metadata
FN:49,__param
FN:49,__awaiter
FN:49,adopt
FN:49,fulfilled
FN:49,rejected
FN:49,step
FN:49,__generator
FN:49,sent
FN:49,Symbol.function.g.(anonymous function)
FN:49,verb
FN:49,step
FN:49,__importDefault
FN:16,CreateUserService
FN:28,CreateUserService.execute
FNF:16
FNH:14
FNDA:1,__decorate
FNDA:1,__metadata
FNDA:3,__param
FNDA:3,__awaiter
FNDA:9,adopt
FNDA:9,fulfilled
FNDA:0,rejected
FNDA:11,step
FNDA:3,__generator
FNDA:9,sent
FNDA:0,Symbol.function.g.(anonymous function)
FNDA:9,verb
FNDA:12,step
FNDA:1,__importDefault
FNDA:2,CreateUserService
FNDA:3,CreateUserService.execute
DA:1,1
DA:2,1
DA:3,1
DA:4,1
DA:5,1
DA:6,1
DA:7,1
DA:8,1
DA:9,1
DA:10,1
DA:11,1
DA:12,1
DA:13,1
DA:14,1
DA:15,1
DA:16,1
DA:17,2
DA:18,2
DA:19,2
DA:20,2
DA:21,2
DA:22,2
DA:23,2
DA:24,2
DA:25,2
DA:26,2
DA:27,1
DA:28,1
DA:29,3
DA:30,3
DA:31,3
DA:32,1
DA:33,1
DA:34,2
DA:35,2
DA:36,3
DA:37,3
DA:38,3
DA:39,3
DA:40,3
DA:41,3
DA:42,3
DA:43,3
DA:44,3
DA:45,3
DA:46,3
DA:47,1
DA:48,1
DA:49,1
LF:49
LH:49
BRDA:49,0,0,1
BRDA:49,1,0,1
BRDA:49,2,0,0
BRDA:49,3,0,0
BRDA:49,4,0,0
BRDA:49,5,0,0
BRDA:49,6,0,1
BRDA:49,7,0,3
BRDA:49,8,0,3
BRDA:49,9,0,3
BRDA:49,10,0,9
BRDA:49,11,0,0
BRDA:49,12,0,3
BRDA:49,13,0,9
BRDA:49,14,0,8
BRDA:49,15,0,1
BRDA:49,16,0,11
BRDA:49,17,0,2
BRDA:49,18,0,9
BRDA:49,19,0,3
BRDA:49,20,0,9
BRDA:49,21,0,0
BRDA:49,22,0,9
BRDA:49,23,0,12
BRDA:49,24,0,12
BRDA:49,25,0,0
BRDA:49,26,0,24
BRDA:49,27,0,0
BRDA:49,28,0,0
BRDA:49,29,0,0
BRDA:49,30,0,0
BRDA:49,31,0,12
BRDA:49,32,0,12
BRDA:49,33,0,0
BRDA:49,34,0,9
BRDA:49,35,0,0
BRDA:49,36,0,3
BRDA:49,37,0,0
BRDA:49,38,0,2
BRDA:49,39,0,0
BRDA:49,40,0,0
BRDA:49,41,0,0
BRDA:49,42,0,0
BRDA:49,43,0,0
BRDA:49,44,0,12
BRDA:49,45,0,11
BRDA:49,46,0,1
BRDA:49,47,0,12
BRDA:49,48,0,3
BRDA:49,49,0,1
BRDA:49,50,0,2
BRDA:49,51,0,0
BRDA:49,52,0,1
BRDA:49,53,0,0
BRDA:15,54,0,1
BRDA:16,55,0,2
BRDA:28,56,0,3
BRDA:49,57,0,3
BRDA:49,58,0,12
BRDA:29,59,0,3
BRDA:49,60,0,0
BRDA:49,61,0,3
BRDA:31,62,0,1
BRDA:33,63,0,2
BRDA:49,64,0,0
BRDA:49,65,0,2
BRDA:49,66,0,0
BRDA:49,67,0,2
BRDA:49,68,0,0
BRDA:49,69,0,2
BRDA:49,70,0,0
BRF:71
BRH:45
end_of_record
TN:
SF:src/modules/users/services/ResetPasswordService.ts
FN:55,__decorate
FN:55,__metadata
FN:55,__param
FN:55,__awaiter
FN:55,adopt
FN:55,fulfilled
FN:55,rejected
FN:55,step
FN:55,__generator
FN:55,sent
FN:55,Symbol.function.g.(anonymous function)
FN:55,verb
FN:55,step
FN:55,__importDefault
FN:16,ResetPasswordService
FN:27,ResetPasswordService.execute
FNF:16
FNH:14
FNDA:1,__decorate
FNDA:1,__metadata
FNDA:3,__param
FNDA:4,__awaiter
FNDA:9,adopt
FNDA:9,fulfilled
FNDA:0,rejected
FNDA:10,step
FNDA:4,__generator
FNDA:9,sent
FNDA:0,Symbol.function.g.(anonymous function)
FNDA:12,verb
FNDA:13,step
FNDA:1,__importDefault
FNDA:4,ResetPasswordService
FNDA:4,ResetPasswordService.execute
DA:1,1
DA:2,1
DA:3,1
DA:4,1
DA:5,1
DA:6,1
DA:7,1
DA:8,1
DA:9,1
DA:10,1
DA:11,1
DA:12,1
DA:13,1
DA:14,1
DA:15,1
DA:16,1
DA:17,4
DA:18,4
DA:19,4
DA:20,4
DA:21,4
DA:22,4
DA:23,4
DA:24,4
DA:25,4
DA:26,1
DA:27,1
DA:28,4
DA:29,4
DA:30,4
DA:31,1
DA:32,1
DA:33,3
DA:34,3
DA:35,4
DA:36,4
DA:37,1
DA:38,1
DA:39,2
DA:40,2
DA:41,2
DA:42,2
DA:43,2
DA:44,4
DA:45,1
DA:46,1
DA:47,1
DA:48,1
DA:49,4
DA:50,4
DA:51,4
DA:52,4
DA:53,1
DA:54,1
DA:55,1
LF:55
LH:55
BRDA:55,0,0,1
BRDA:55,1,0,1
BRDA:55,2,0,0
BRDA:55,3,0,0
BRDA:55,4,0,0
BRDA:55,5,0,0
BRDA:55,6,0,1
BRDA:55,7,0,3
BRDA:55,8,0,3
BRDA:55,9,0,4
BRDA:55,10,0,9
BRDA:55,11,0,0
BRDA:55,12,0,4
BRDA:55,13,0,9
BRDA:55,14,0,6
BRDA:55,15,0,3
BRDA:55,16,0,10
BRDA:55,17,0,1
BRDA:55,18,0,9
BRDA:55,19,0,4
BRDA:55,20,0,9
BRDA:55,21,0,0
BRDA:55,22,0,12
BRDA:55,23,0,13
BRDA:55,24,0,13
BRDA:55,25,0,0
BRDA:55,26,0,26
BRDA:55,27,0,0
BRDA:55,28,0,0
BRDA:55,29,0,0
BRDA:55,30,0,0
BRDA:55,31,0,13
BRDA:55,32,0,13
BRDA:55,33,0,0
BRDA:55,34,0,9
BRDA:55,35,0,0
BRDA:55,36,0,4
BRDA:55,37,0,0
BRDA:55,38,0,1
BRDA:55,39,0,0
BRDA:55,40,0,0
BRDA:55,41,0,0
BRDA:55,42,0,0
BRDA:55,43,0,0
BRDA:55,44,0,13
BRDA:55,45,0,10
BRDA:55,46,0,3
BRDA:55,47,0,13
BRDA:55,48,0,4
BRDA:55,49,0,3
BRDA:55,50,0,1
BRDA:55,51,0,0
BRDA:55,52,0,1
BRDA:55,53,0,0
BRDA:15,54,0,1
BRDA:16,55,0,4
BRDA:27,56,0,4
BRDA:55,57,0,4
BRDA:55,58,0,13
BRDA:28,59,0,4
BRDA:55,60,0,0
BRDA:55,61,0,4
BRDA:30,62,0,1
BRDA:32,63,0,3
BRDA:55,64,0,0
BRDA:55,65,0,3
BRDA:36,66,0,1
BRDA:38,67,0,2
BRDA:44,68,0,1
BRDA:55,69,0,0
BRDA:55,70,0,1
BRDA:55,71,0,0
BRDA:55,72,0,1
BRDA:55,73,0,0
BRF:74
BRH:48
end_of_record
TN:
SF:src/modules/users/services/SendForgotPasswordEmailService.ts
FN:59,__decorate
FN:59,__metadata
FN:59,__param
FN:59,__awaiter
FN:59,adopt
FN:59,fulfilled
FN:59,rejected
FN:59,step
FN:59,__generator
FN:59,sent
FN:59,Symbol.function.g.(anonymous function)
FN:59,verb
FN:59,step
FN:59,__importDefault
FN:15,SendForgotPasswordEmailService
FN:26,SendForgotPasswordEmailService.execute
FNF:16
FNH:14
FNDA:1,__decorate
FNDA:1,__metadata
FNDA:3,__param
FNDA:3,__awaiter
FNDA:7,adopt
FNDA:7,fulfilled
FNDA:0,rejected
FNDA:9,step
FNDA:3,__generator
FNDA:7,sent
FNDA:0,Symbol.function.g.(anonymous function)
FNDA:9,verb
FNDA:10,step
FNDA:2,__importDefault
FNDA:3,SendForgotPasswordEmailService
FNDA:3,SendForgotPasswordEmailService.execute
DA:1,1
DA:2,1
DA:3,1
DA:4,1
DA:5,1
DA:6,1
DA:7,1
DA:8,1
DA:9,1
DA:10,1
DA:11,1
DA:12,1
DA:13,1
DA:14,1
DA:15,1
DA:16,3
DA:17,3
DA:18,3
DA:19,3
DA:20,3
DA:21,3
DA:22,3
DA:23,3
DA:24,3
DA:25,1
DA:26,1
DA:27,3
DA:28,3
DA:29,3
DA:30,1
DA:31,1
DA:32,2
DA:33,2
DA:34,3
DA:35,3
DA:36,3
DA:37,3
DA:38,3
DA:39,3
DA:40,3
DA:41,3
DA:42,3
DA:43,3
DA:44,3
DA:45,3
DA:46,3
DA:47,3
DA:48,3
DA:49,3
DA:50,3
DA:51,3
DA:52,3
DA:53,3
DA:54,3
DA:55,3
DA:56,3
DA:57,1
DA:58,1
DA:59,1
LF:59
LH:59
BRDA:59,0,0,1
BRDA:59,1,0,1
BRDA:59,2,0,0
BRDA:59,3,0,0
BRDA:59,4,0,0
BRDA:59,5,0,0
BRDA:59,6,0,1
BRDA:59,7,0,3
BRDA:59,8,0,3
BRDA:59,9,0,3
BRDA:59,10,0,7
BRDA:59,11,0,0
BRDA:59,12,0,3
BRDA:59,13,0,7
BRDA:59,14,0,6
BRDA:59,15,0,1
BRDA:59,16,0,9
BRDA:59,17,0,2
BRDA:59,18,0,7
BRDA:59,19,0,3
BRDA:59,20,0,7
BRDA:59,21,0,0
BRDA:59,22,0,9
BRDA:59,23,0,10
BRDA:59,24,0,10
BRDA:59,25,0,0
BRDA:59,26,0,20
BRDA:59,27,0,0
BRDA:59,28,0,0
BRDA:59,29,0,0
BRDA:59,30,0,0
BRDA:59,31,0,10
BRDA:59,32,0,10
BRDA:59,33,0,0
BRDA:59,34,0,7
BRDA:59,35,0,0
BRDA:59,36,0,3
BRDA:59,37,0,0
BRDA:59,38,0,2
BRDA:59,39,0,0
BRDA:59,40,0,0
BRDA:59,41,0,0
BRDA:59,42,0,0
BRDA:59,43,0,0
BRDA:59,44,0,10
BRDA:59,45,0,9
BRDA:59,46,0,1
BRDA:59,47,0,10
BRDA:59,48,0,3
BRDA:59,49,0,1
BRDA:59,50,0,2
BRDA:59,51,0,0
BRDA:59,52,0,2
BRDA:59,53,0,1
BRDA:59,54,0,1
BRDA:14,55,0,1
BRDA:15,56,0,3
BRDA:26,57,0,3
BRDA:59,58,0,3
BRDA:59,59,0,10
BRDA:27,60,0,3
BRDA:59,61,0,0
BRDA:59,62,0,3
BRDA:29,63,0,1
BRDA:31,64,0,2
BRDA:59,65,0,0
BRDA:59,66,0,2
BRDA:59,67,0,0
BRDA:59,68,0,2
BRDA:59,69,0,0
BRF:70
BRH:46
end_of_record
TN:
SF:src/modules/users/services/ShowProfileService.ts
FN:34,__decorate
FN:34,__metadata
FN:34,__param
FN:34,__awaiter
FN:34,adopt
FN:34,fulfilled
FN:34,rejected
FN:34,step
FN:34,__generator
FN:34,sent
FN:34,Symbol.function.g.(anonymous function)
FN:34,verb
FN:34,step
FN:34,__importDefault
FN:14,UpdateProfile
FN:21,UpdateProfile.execute
FNF:16
FNH:14
FNDA:1,__decorate
FNDA:1,__metadata
FNDA:1,__param
FNDA:2,__awaiter
FNDA:2,adopt
FNDA:2,fulfilled
FNDA:0,rejected
FNDA:3,step
FNDA:2,__generator
FNDA:2,sent
FNDA:0,Symbol.function.g.(anonymous function)
FNDA:6,verb
FNDA:4,step
FNDA:1,__importDefault
FNDA:2,UpdateProfile
FNDA:2,UpdateProfile.execute
DA:1,1
DA:2,1
DA:3,1
DA:4,1
DA:5,1
DA:6,1
DA:7,1
DA:8,1
DA:9,1
DA:10,1
DA:11,1
DA:12,1
DA:13,1
DA:14,1
DA:15,2
DA:16,2
DA:17,2
DA:18,2
DA:19,2
DA:20,1
DA:21,1
DA:22,2
DA:23,2
DA:24,2
DA:25,1
DA:26,1
DA:27,1
DA:28,1
DA:29,1
DA:30,2
DA:31,2
DA:32,1
DA:33,1
DA:34,1
LF:34
LH:34
BRDA:34,0,0,1
BRDA:34,1,0,1
BRDA:34,2,0,0
BRDA:34,3,0,0
BRDA:34,4,0,0
BRDA:34,5,0,0
BRDA:34,6,0,1
BRDA:34,7,0,1
BRDA:34,8,0,1
BRDA:34,9,0,2
BRDA:34,10,0,2
BRDA:34,11,0,0
BRDA:34,12,0,2
BRDA:34,13,0,2
BRDA:34,14,0,1
BRDA:34,15,0,3
BRDA:34,16,0,1
BRDA:34,17,0,2
BRDA:34,18,0,2
BRDA:34,19,0,2
BRDA:34,20,0,0
BRDA:34,21,0,6
BRDA:34,22,0,4
BRDA:34,23,0,4
BRDA:34,24,0,0
BRDA:34,25,0,8
BRDA:34,26,0,0
BRDA:34,27,0,0
BRDA:34,28,0,0
BRDA:34,29,0,0
BRDA:34,30,0,4
BRDA:34,31,0,4
BRDA:34,32,0,0
BRDA:34,33,0,2
BRDA:34,34,0,0
BRDA:34,35,0,2
BRDA:34,36,0,0
BRDA:34,37,0,1
BRDA:34,38,0,0
BRDA:34,39,0,0
BRDA:34,40,0,0
BRDA:34,41,0,0
BRDA:34,42,0,0
BRDA:34,43,0,4
BRDA:34,44,0,3
BRDA:34,45,0,1
BRDA:34,46,0,4
BRDA:34,47,0,2
BRDA:34,48,0,1
BRDA:34,49,0,0
BRDA:34,50,0,1
BRDA:34,51,0,0
BRDA:13,52,0,1
BRDA:14,53,0,2
BRDA:21,54,0,2
BRDA:34,55,0,2
BRDA:34,56,0,4
BRDA:22,57,0,2
BRDA:34,58,0,0
BRDA:34,59,0,2
BRDA:24,60,0,1
BRDA:34,61,0,0
BRF:62
BRH:39
end_of_record
TN:
SF:src/modules/users/services/UpdateProfileService.ts
FN:66,__decorate
FN:66,__metadata
FN:66,__param
FN:66,__awaiter
FN:66,adopt
FN:66,fulfilled
FN:66,rejected
FN:66,step
FN:66,__generator
FN:66,sent
FN:66,Symbol.function.g.(anonymous function)
FN:66,verb
FN:66,step
FN:66,__importDefault
FN:19,UpdateProfileService
FN:28,UpdateProfileService.execute
FNF:16
FNH:14
FNDA:1,__decorate
FNDA:1,__metadata
FNDA:2,__param
FNDA:6,__awaiter
FNDA:14,adopt
FNDA:14,fulfilled
FNDA:0,rejected
FNDA:16,step
FNDA:6,__generator
FNDA:14,sent
FNDA:0,Symbol.function.g.(anonymous function)
FNDA:18,verb
FNDA:20,step
FNDA:1,__importDefault
FNDA:6,UpdateProfileService
FNDA:6,UpdateProfileService.execute
DA:1,1
DA:2,1
DA:3,1
DA:4,1
DA:5,1
DA:6,1
DA:7,1
DA:8,1
DA:9,1
DA:10,1
DA:11,1
DA:12,1
DA:13,1
DA:14,1
DA:15,1
DA:16,1
DA:17,1
DA:18,1
DA:19,1
DA:20,6
DA:21,6
DA:22,6
DA:23,6
DA:24,6
DA:25,6
DA:26,6
DA:27,1
DA:28,1
DA:29,6
DA:30,6
DA:31,6
DA:32,1
DA:33,1
DA:34,5
DA:35,5
DA:36,6
DA:37,6
DA:38,1
DA:39,1
DA:40,4
DA:41,4
DA:42,4
DA:43,4
DA:44,6
DA:45,1
DA:46,1
DA:47,3
DA:48,6
DA:49,2
DA:50,2
DA:51,2
DA:52,2
DA:53,6
DA:54,6
DA:55,1
DA:56,1
DA:57,1
DA:58,1
DA:59,6
DA:60,6
DA:61,6
DA:62,6
DA:63,6
DA:64,1
DA:65,1
DA:66,1
LF:66
LH:66
BRDA:66,0,0,1
BRDA:66,1,0,1
BRDA:66,2,0,0
BRDA:66,3,0,0
BRDA:66,4,0,0
BRDA:66,5,0,0
BRDA:66,6,0,1
BRDA:66,7,0,2
BRDA:66,8,0,2
BRDA:66,9,0,6
BRDA:66,10,0,14
BRDA:66,11,0,0
BRDA:66,12,0,6
BRDA:66,13,0,14
BRDA:66,14,0,10
BRDA:66,15,0,4
BRDA:66,16,0,16
BRDA:66,17,0,2
BRDA:66,18,0,14
BRDA:66,19,0,6
BRDA:66,20,0,14
BRDA:66,21,0,0
BRDA:66,22,0,18
BRDA:66,23,0,20
BRDA:66,24,0,20
BRDA:66,25,0,0
BRDA:66,26,0,41
BRDA:66,27,0,0
BRDA:66,28,0,0
BRDA:66,29,0,0
BRDA:66,30,0,0
BRDA:66,31,0,20
BRDA:66,32,0,20
BRDA:66,33,0,0
BRDA:66,34,0,14
BRDA:66,35,0,0
BRDA:66,36,0,7
BRDA:66,37,0,0
BRDA:66,38,0,3
BRDA:66,39,0,6
BRDA:66,40,0,1
BRDA:66,41,0,0
BRDA:66,42,0,1
BRDA:66,43,0,0
BRDA:66,44,0,0
BRDA:66,45,0,0
BRDA:66,46,0,0
BRDA:66,47,0,21
BRDA:66,48,0,17
BRDA:66,49,0,4
BRDA:66,50,0,21
BRDA:66,51,0,6
BRDA:66,52,0,4
BRDA:66,53,0,2
BRDA:66,54,0,0
BRDA:66,55,0,1
BRDA:66,56,0,0
BRDA:18,57,0,1
BRDA:19,58,0,6
BRDA:28,59,0,6
BRDA:66,60,0,6
BRDA:66,61,0,21
BRDA:29,62,0,6
BRDA:66,63,0,0
BRDA:66,64,0,6
BRDA:31,65,0,1
BRDA:33,66,0,5
BRDA:66,67,0,0
BRDA:66,68,0,5
BRDA:37,69,0,1
BRDA:37,70,0,1
BRDA:39,71,0,4
BRDA:44,72,0,3
BRDA:44,73,0,1
BRDA:46,74,0,3
BRDA:48,75,0,2
BRDA:48,76,0,1
BRDA:48,77,0,2
BRDA:66,78,0,0
BRDA:66,79,0,2
BRDA:54,80,0,1
BRDA:66,81,0,0
BRDA:66,82,0,1
BRDA:61,83,0,2
BRDA:66,84,0,0
BRF:85
BRH:59
end_of_record
TN:
SF:src/modules/users/services/UpdateUserAvatarService.ts
FN:45,__decorate
FN:45,__metadata
FN:45,__param
FN:45,__awaiter
FN:45,adopt
FN:45,fulfilled
FN:45,rejected
FN:45,step
FN:45,__generator
FN:45,sent
FN:45,Symbol.function.g.(anonymous function)
FN:45,verb
FN:45,step
FN:45,__importDefault
FN:16,UpdateUserAvatarService
FN:24,UpdateUserAvatarService.execute
FNF:16
FNH:14
FNDA:1,__decorate
FNDA:1,__metadata
FNDA:2,__param
FNDA:4,__awaiter
FNDA:11,adopt
FNDA:11,fulfilled
FNDA:0,rejected
FNDA:14,step
FNDA:4,__generator
FNDA:11,sent
FNDA:0,Symbol.function.g.(anonymous function)
FNDA:12,verb
FNDA:15,step
FNDA:1,__importDefault
FNDA:3,UpdateUserAvatarService
FNDA:4,UpdateUserAvatarService.execute
DA:1,1
DA:2,1
DA:3,1
DA:4,1
DA:5,1
DA:6,1
DA:7,1
DA:8,1
DA:9,1
DA:10,1
DA:11,1
DA:12,1
DA:13,1
DA:14,1
DA:15,1
DA:16,1
DA:17,3
DA:18,3
DA:19,3
DA:20,3
DA:21,3
DA:22,3
DA:23,1
DA:24,1
DA:25,4
DA:26,4
DA:27,4
DA:28,1
DA:29,1
DA:30,3
DA:31,3
DA:32,1
DA:33,4
DA:34,4
DA:35,4
DA:36,4
DA:37,4
DA:38,4
DA:39,4
DA:40,4
DA:41,4
DA:42,4
DA:43,1
DA:44,1
DA:45,1
LF:45
LH:45
BRDA:45,0,0,1
BRDA:45,1,0,1
BRDA:45,2,0,0
BRDA:45,3,0,0
BRDA:45,4,0,0
BRDA:45,5,0,0
BRDA:45,6,0,1
BRDA:45,7,0,2
BRDA:45,8,0,2
BRDA:45,9,0,4
BRDA:45,10,0,11
BRDA:45,11,0,0
BRDA:45,12,0,4
BRDA:45,13,0,11
BRDA:45,14,0,10
BRDA:45,15,0,1
BRDA:45,16,0,14
BRDA:45,17,0,3
BRDA:45,18,0,11
BRDA:45,19,0,4
BRDA:45,20,0,11
BRDA:45,21,0,0
BRDA:45,22,0,12
BRDA:45,23,0,15
BRDA:45,24,0,15
BRDA:45,25,0,0
BRDA:45,26,0,32
BRDA:45,27,0,0
BRDA:45,28,0,0
BRDA:45,29,0,0
BRDA:45,30,0,0
BRDA:45,31,0,15
BRDA:45,32,0,15
BRDA:45,33,0,0
BRDA:45,34,0,11
BRDA:45,35,0,0
BRDA:45,36,0,6
BRDA:45,37,0,0
BRDA:45,38,0,5
BRDA:45,39,0,4
BRDA:45,40,0,2
BRDA:45,41,0,0
BRDA:45,42,0,2
BRDA:45,43,0,0
BRDA:45,44,0,0
BRDA:45,45,0,0
BRDA:45,46,0,0
BRDA:45,47,0,17
BRDA:45,48,0,16
BRDA:45,49,0,1
BRDA:45,50,0,17
BRDA:45,51,0,4
BRDA:45,52,0,1
BRDA:45,53,0,3
BRDA:45,54,0,0
BRDA:45,55,0,1
BRDA:45,56,0,0
BRDA:15,57,0,1
BRDA:16,58,0,3
BRDA:24,59,0,4
BRDA:45,60,0,4
BRDA:45,61,0,17
BRDA:25,62,0,4
BRDA:45,63,0,0
BRDA:45,64,0,4
BRDA:27,65,0,1
BRDA:29,66,0,3
BRDA:31,67,0,2
BRDA:31,68,0,1
BRDA:45,69,0,0
BRDA:45,70,0,1
BRDA:35,71,0,3
BRDA:45,72,0,0
BRDA:45,73,0,3
BRDA:45,74,0,0
BRDA:45,75,0,3
BRDA:45,76,0,0
BRF:77
BRH:51
end_of_record
